# JRE version: Java(TM) SE Runtime Environment (21.0.6+8) (build 21.0.6+8-LTS-188)
# Java VM: Java HotSpot(TM) 64-Bit Server VM (21.0.6+8-LTS-188, mixed mode, sharing, tiered, compressed oops, compressed class ptrs, g1 gc, windows-amd64)
GC Precious Log:
 CardTable entry size: 512
 Card Set container configuration: InlinePtr #cards 5 size 8 Array Of Cards #cards 12 size 40 Howl #buckets 4 coarsen threshold 1843 Howl Bitmap #cards 512 size 80 coarsen threshold 460 Card regions per heap region 1 cards per card region 2048
 CPUs: 4 total, 4 available
 Memory: 3948M
 Large Page Support: Disabled
 NUMA Support: Disabled
 Compressed Oops: Enabled (32-bit)
 Heap Region Size: 1M
 Heap Min Capacity: 8M
 Heap Initial Capacity: 62M
 Heap Max Capacity: 988M
 Pre-touch: Disabled
 Parallel Workers: 4
 Concurrent Workers: 1
 Concurrent Refinement Workers: 4
 Periodic GC: Disabled
Heap:
 garbage-first heap   total 248832K, used 199870K [0x00000000c2400000, 0x0000000100000000)
  region size 1024K, 2 young (2048K), 1 survivors (1024K)
 Metaspace       used 11002K, committed 11264K, reserved 1114112K
  class space    used 1136K, committed 1280K, reserved 1048576K
GC Heap History (20 events):
Event: 4.596 GC heap before
{Heap before GC invocations=34 (full 0):
 garbage-first heap   total 144384K, used 81860K [0x00000000c2400000, 0x0000000100000000)
  region size 1024K, 6 young (6144K), 3 survivors (3072K)
 Metaspace       used 3778K, committed 3968K, reserved 1114112K
  class space    used 352K, committed 448K, reserved 1048576K
}
Event: 4.597 GC heap after
{Heap after GC invocations=35 (full 0):
 garbage-first heap   total 144384K, used 79759K [0x00000000c2400000, 0x0000000100000000)
  region size 1024K, 3 young (3072K), 3 survivors (3072K)
 Metaspace       used 3778K, committed 3968K, reserved 1114112K
  class space    used 352K, committed 448K, reserved 1048576K
}
Event: 4.644 GC heap before
{Heap before GC invocations=36 (full 0):
 garbage-first heap   total 144384K, used 83855K [0x00000000c2400000, 0x0000000100000000)
  region size 1024K, 6 young (6144K), 3 survivors (3072K)
 Metaspace       used 3778K, committed 3968K, reserved 1114112K
  class space    used 352K, committed 448K, reserved 1048576K
}
Event: 4.646 GC heap after
{Heap after GC invocations=37 (full 0):
 garbage-first heap   total 144384K, used 81683K [0x00000000c2400000, 0x0000000100000000)
  region size 1024K, 3 young (3072K), 3 survivors (3072K)
 Metaspace       used 3778K, committed 3968K, reserved 1114112K
  class space    used 352K, committed 448K, reserved 1048576K
}
Event: 4.678 GC heap before
{Heap before GC invocations=38 (full 0):
 garbage-first heap   total 144384K, used 85779K [0x00000000c2400000, 0x0000000100000000)
  region size 1024K, 6 young (6144K), 3 survivors (3072K)
 Metaspace       used 3781K, committed 3968K, reserved 1114112K
  class space    used 352K, committed 448K, reserved 1048576K
}
Event: 4.680 GC heap after
{Heap after GC invocations=39 (full 0):
 garbage-first heap   total 144384K, used 83722K [0x00000000c2400000, 0x0000000100000000)
  region size 1024K, 2 young (2048K), 2 survivors (2048K)
 Metaspace       used 3781K, committed 3968K, reserved 1114112K
  class space    used 352K, committed 448K, reserved 1048576K
}
Event: 4.737 GC heap before
{Heap before GC invocations=40 (full 0):
 garbage-first heap   total 145408K, used 86794K [0x00000000c2400000, 0x0000000100000000)
  region size 1024K, 5 young (5120K), 2 survivors (2048K)
 Metaspace       used 3782K, committed 3968K, reserved 1114112K
  class space    used 352K, committed 448K, reserved 1048576K
}
Event: 4.738 GC heap after
{Heap after GC invocations=41 (full 0):
 garbage-first heap   total 145408K, used 85024K [0x00000000c2400000, 0x0000000100000000)
  region size 1024K, 2 young (2048K), 2 survivors (2048K)
 Metaspace       used 3782K, committed 3968K, reserved 1114112K
  class space    used 352K, committed 448K, reserved 1048576K
}
Event: 7.081 GC heap before
{Heap before GC invocations=42 (full 0):
 garbage-first heap   total 147456K, used 146464K [0x00000000c2400000, 0x0000000100000000)
  region size 1024K, 32 young (32768K), 2 survivors (2048K)
 Metaspace       used 7165K, committed 7360K, reserved 1114112K
  class space    used 716K, committed 832K, reserved 1048576K
}
Event: 7.085 GC heap after
{Heap after GC invocations=43 (full 0):
 garbage-first heap   total 153600K, used 119902K [0x00000000c2400000, 0x0000000100000000)
  region size 1024K, 6 young (6144K), 6 survivors (6144K)
 Metaspace       used 7165K, committed 7360K, reserved 1114112K
  class space    used 716K, committed 832K, reserved 1048576K
}
Event: 7.404 GC heap before
{Heap before GC invocations=43 (full 0):
 garbage-first heap   total 153600K, used 152670K [0x00000000c2400000, 0x0000000100000000)
  region size 1024K, 22 young (22528K), 6 survivors (6144K)
 Metaspace       used 7238K, committed 7424K, reserved 1114112K
  class space    used 727K, committed 832K, reserved 1048576K
}
Event: 7.408 GC heap after
{Heap after GC invocations=44 (full 0):
 garbage-first heap   total 160768K, used 133444K [0x00000000c2400000, 0x0000000100000000)
  region size 1024K, 1 young (1024K), 1 survivors (1024K)
 Metaspace       used 7238K, committed 7424K, reserved 1114112K
  class space    used 727K, committed 832K, reserved 1048576K
}
Event: 7.500 GC heap before
{Heap before GC invocations=44 (full 0):
 garbage-first heap   total 160768K, used 135492K [0x00000000c2400000, 0x0000000100000000)
  region size 1024K, 5 young (5120K), 1 survivors (1024K)
 Metaspace       used 7575K, committed 7808K, reserved 1114112K
  class space    used 784K, committed 896K, reserved 1048576K
}
Event: 7.501 GC heap after
{Heap after GC invocations=45 (full 0):
 garbage-first heap   total 160768K, used 135169K [0x00000000c2400000, 0x0000000100000000)
  region size 1024K, 2 young (2048K), 2 survivors (2048K)
 Metaspace       used 7575K, committed 7808K, reserved 1114112K
  class space    used 784K, committed 896K, reserved 1048576K
}
Event: 7.758 GC heap before
{Heap before GC invocations=46 (full 0):
 garbage-first heap   total 237568K, used 157463K [0x00000000c2400000, 0x0000000100000000)
  region size 1024K, 15 young (15360K), 2 survivors (2048K)
 Metaspace       used 7626K, committed 7872K, reserved 1114112K
  class space    used 787K, committed 896K, reserved 1048576K
}
Event: 7.759 GC heap after
{Heap after GC invocations=47 (full 0):
 garbage-first heap   total 237568K, used 145731K [0x00000000c2400000, 0x0000000100000000)
  region size 1024K, 1 young (1024K), 1 survivors (1024K)
 Metaspace       used 7626K, committed 7872K, reserved 1114112K
  class space    used 787K, committed 896K, reserved 1048576K
}
Event: 10.568 GC heap before
{Heap before GC invocations=47 (full 0):
 garbage-first heap   total 237568K, used 234819K [0x00000000c2400000, 0x0000000100000000)
  region size 1024K, 46 young (47104K), 1 survivors (1024K)
 Metaspace       used 10404K, committed 10688K, reserved 1114112K
  class space    used 1099K, committed 1216K, reserved 1048576K
}
Event: 10.575 GC heap after
{Heap after GC invocations=48 (full 0):
 garbage-first heap   total 248832K, used 199943K [0x00000000c2400000, 0x0000000100000000)
  region size 1024K, 10 young (10240K), 10 survivors (10240K)
 Metaspace       used 10404K, committed 10688K, reserved 1114112K
  class space    used 1099K, committed 1216K, reserved 1048576K
}
Event: 13.466 GC heap before
{Heap before GC invocations=48 (full 0):
 garbage-first heap   total 248832K, used 205063K [0x00000000c2400000, 0x0000000100000000)
  region size 1024K, 16 young (16384K), 10 survivors (10240K)
 Metaspace       used 11000K, committed 11264K, reserved 1114112K
  class space    used 1136K, committed 1280K, reserved 1048576K
}
Event: 13.470 GC heap after
{Heap after GC invocations=49 (full 0):
 garbage-first heap   total 248832K, used 167102K [0x00000000c2400000, 0x0000000100000000)
  region size 1024K, 1 young (1024K), 1 survivors (1024K)
 Metaspace       used 11000K, committed 11264K, reserved 1114112K
  class space    used 1136K, committed 1280K, reserved 1048576K
}

